2019-09-27 17:58:22 [scrapy.utils.log] INFO: Scrapy 1.6.0 started (bot: JD)
2019-09-27 17:58:22 [scrapy.utils.log] INFO: Versions: lxml 4.2.5.0, libxml2 2.9.8, cssselect 1.0.3, parsel 1.5.1, w3lib 1.20.0, Twisted 19.2.0, Python 3.7.1 (default, Dec 10 2018, 22:54:23) [MSC v.1915 64 bit (AMD64)], pyOpenSSL 18.0.0 (OpenSSL 1.1.1a  20 Nov 2018), cryptography 2.4.2, Platform Windows-10-10.0.17134-SP0
2019-09-27 17:58:22 [scrapy.crawler] INFO: Overridden settings: {'BOT_NAME': 'JD', 'COOKIES_ENABLED': False, 'DOWNLOAD_DELAY': 0.5, 'DOWNLOAD_TIMEOUT': 30, 'DUPEFILTER_CLASS': 'scrapy_redis_bloomfilter.dupefilter.RFPDupeFilter', 'LOG_FILE': './log/scrapy_2019_9_27.log', 'NEWSPIDER_MODULE': 'JD.spiders', 'RETRY_TIMES': 3, 'SCHEDULER': 'scrapy_redis_bloomfilter.scheduler.Scheduler', 'SPIDER_MODULES': ['JD.spiders'], 'USER_AGENT': 'Mozilla/5.0 (Windows NT 10.0; WOW64) AppleWebKit/537.36 (KHTML, like Gecko) Chrome/72.0.3626.121 Safari/537.36'}
2019-09-27 17:58:22 [scrapy.extensions.telnet] INFO: Telnet Password: b300a1dc692f43f0
2019-09-27 17:58:59 [scrapy.utils.log] INFO: Scrapy 1.6.0 started (bot: JD)
2019-09-27 17:58:59 [scrapy.utils.log] INFO: Versions: lxml 4.2.5.0, libxml2 2.9.8, cssselect 1.0.3, parsel 1.5.1, w3lib 1.20.0, Twisted 19.2.0, Python 3.7.1 (default, Dec 10 2018, 22:54:23) [MSC v.1915 64 bit (AMD64)], pyOpenSSL 18.0.0 (OpenSSL 1.1.1a  20 Nov 2018), cryptography 2.4.2, Platform Windows-10-10.0.17134-SP0
2019-09-27 17:58:59 [scrapy.crawler] INFO: Overridden settings: {'BOT_NAME': 'JD', 'COOKIES_ENABLED': False, 'DOWNLOAD_DELAY': 0.5, 'DOWNLOAD_TIMEOUT': 30, 'DUPEFILTER_CLASS': 'scrapy_redis_bloomfilter.dupefilter.RFPDupeFilter', 'LOG_FILE': './log/scrapy_2019_9_27.log', 'NEWSPIDER_MODULE': 'JD.spiders', 'RETRY_TIMES': 3, 'SCHEDULER': 'scrapy_redis_bloomfilter.scheduler.Scheduler', 'SPIDER_MODULES': ['JD.spiders'], 'USER_AGENT': 'Mozilla/5.0 (Windows NT 10.0; WOW64) AppleWebKit/537.36 (KHTML, like Gecko) Chrome/72.0.3626.121 Safari/537.36'}
2019-09-27 17:58:59 [scrapy.extensions.telnet] INFO: Telnet Password: f281891e786155d0
2019-09-27 17:59:00 [scrapy.middleware] INFO: Enabled extensions:
['scrapy.extensions.corestats.CoreStats',
 'scrapy.extensions.telnet.TelnetConsole',
 'scrapy.extensions.logstats.LogStats',
 'JD.extensions.db.MonGoDB']
2019-09-27 17:59:00 [twisted] CRITICAL: Unhandled error in Deferred:
2019-09-27 17:59:00 [twisted] CRITICAL: 
Traceback (most recent call last):
  File "C:\ProgramData\Anaconda3\lib\site-packages\twisted\internet\defer.py", line 1418, in _inlineCallbacks
    result = g.send(result)
  File "C:\ProgramData\Anaconda3\lib\site-packages\scrapy\crawler.py", line 79, in crawl
    self.spider = self._create_spider(*args, **kwargs)
  File "C:\ProgramData\Anaconda3\lib\site-packages\scrapy\crawler.py", line 102, in _create_spider
    return self.spidercls.from_crawler(self, *args, **kwargs)
  File "C:\ProgramData\Anaconda3\lib\site-packages\scrapy\spiders\__init__.py", line 51, in from_crawler
    spider = cls(*args, **kwargs)
TypeError: __init__() missing 1 required positional argument: 'settings'
2019-09-27 18:00:37 [scrapy.utils.log] INFO: Scrapy 1.6.0 started (bot: JD)
2019-09-27 18:00:37 [scrapy.utils.log] INFO: Versions: lxml 4.2.5.0, libxml2 2.9.8, cssselect 1.0.3, parsel 1.5.1, w3lib 1.20.0, Twisted 19.2.0, Python 3.7.1 (default, Dec 10 2018, 22:54:23) [MSC v.1915 64 bit (AMD64)], pyOpenSSL 18.0.0 (OpenSSL 1.1.1a  20 Nov 2018), cryptography 2.4.2, Platform Windows-10-10.0.17134-SP0
2019-09-27 18:00:37 [scrapy.crawler] INFO: Overridden settings: {'BOT_NAME': 'JD', 'COOKIES_ENABLED': False, 'DOWNLOAD_DELAY': 0.5, 'DOWNLOAD_TIMEOUT': 30, 'DUPEFILTER_CLASS': 'scrapy_redis_bloomfilter.dupefilter.RFPDupeFilter', 'LOG_FILE': './log/scrapy_2019_9_27.log', 'NEWSPIDER_MODULE': 'JD.spiders', 'RETRY_TIMES': 3, 'SCHEDULER': 'scrapy_redis_bloomfilter.scheduler.Scheduler', 'SPIDER_MODULES': ['JD.spiders'], 'USER_AGENT': 'Mozilla/5.0 (Windows NT 10.0; WOW64) AppleWebKit/537.36 (KHTML, like Gecko) Chrome/72.0.3626.121 Safari/537.36'}
2019-09-27 18:00:37 [scrapy.extensions.telnet] INFO: Telnet Password: 46076b914382560d
2019-09-27 18:00:37 [scrapy.middleware] INFO: Enabled extensions:
['scrapy.extensions.corestats.CoreStats',
 'scrapy.extensions.telnet.TelnetConsole',
 'scrapy.extensions.logstats.LogStats',
 'JD.extensions.db.MonGoDB']
2019-09-27 18:00:38 [twisted] CRITICAL: Unhandled error in Deferred:
2019-09-27 18:00:38 [twisted] CRITICAL: 
Traceback (most recent call last):
  File "C:\ProgramData\Anaconda3\lib\site-packages\twisted\internet\defer.py", line 1418, in _inlineCallbacks
    result = g.send(result)
  File "C:\ProgramData\Anaconda3\lib\site-packages\scrapy\crawler.py", line 79, in crawl
    self.spider = self._create_spider(*args, **kwargs)
  File "C:\ProgramData\Anaconda3\lib\site-packages\scrapy\crawler.py", line 102, in _create_spider
    return self.spidercls.from_crawler(self, *args, **kwargs)
  File "C:\ProgramData\Anaconda3\lib\site-packages\scrapy\spiders\__init__.py", line 51, in from_crawler
    spider = cls(*args, **kwargs)
TypeError: __init__() missing 1 required positional argument: 'settings'
2019-09-27 18:02:25 [scrapy.utils.log] INFO: Scrapy 1.6.0 started (bot: JD)
2019-09-27 18:02:25 [scrapy.utils.log] INFO: Versions: lxml 4.2.5.0, libxml2 2.9.8, cssselect 1.0.3, parsel 1.5.1, w3lib 1.20.0, Twisted 19.2.0, Python 3.7.1 (default, Dec 10 2018, 22:54:23) [MSC v.1915 64 bit (AMD64)], pyOpenSSL 18.0.0 (OpenSSL 1.1.1a  20 Nov 2018), cryptography 2.4.2, Platform Windows-10-10.0.17134-SP0
2019-09-27 18:02:25 [scrapy.crawler] INFO: Overridden settings: {'BOT_NAME': 'JD', 'COOKIES_ENABLED': False, 'DOWNLOAD_DELAY': 0.5, 'DOWNLOAD_TIMEOUT': 30, 'DUPEFILTER_CLASS': 'scrapy_redis_bloomfilter.dupefilter.RFPDupeFilter', 'LOG_FILE': './log/scrapy_2019_9_27.log', 'NEWSPIDER_MODULE': 'JD.spiders', 'RETRY_TIMES': 3, 'SCHEDULER': 'scrapy_redis_bloomfilter.scheduler.Scheduler', 'SPIDER_MODULES': ['JD.spiders'], 'USER_AGENT': 'Mozilla/5.0 (Windows NT 10.0; WOW64) AppleWebKit/537.36 (KHTML, like Gecko) Chrome/72.0.3626.121 Safari/537.36'}
2019-09-27 18:02:25 [scrapy.extensions.telnet] INFO: Telnet Password: b64b807ba05f692b
2019-09-27 18:02:26 [scrapy.middleware] INFO: Enabled extensions:
['scrapy.extensions.corestats.CoreStats',
 'scrapy.extensions.telnet.TelnetConsole',
 'scrapy.extensions.logstats.LogStats',
 'JD.extensions.db.MonGoDB']
2019-09-27 18:02:26 [twisted] CRITICAL: Unhandled error in Deferred:
2019-09-27 18:02:26 [twisted] CRITICAL: 
Traceback (most recent call last):
  File "C:\ProgramData\Anaconda3\lib\site-packages\twisted\internet\defer.py", line 1418, in _inlineCallbacks
    result = g.send(result)
  File "C:\ProgramData\Anaconda3\lib\site-packages\scrapy\crawler.py", line 79, in crawl
    self.spider = self._create_spider(*args, **kwargs)
  File "C:\ProgramData\Anaconda3\lib\site-packages\scrapy\crawler.py", line 102, in _create_spider
    return self.spidercls.from_crawler(self, *args, **kwargs)
  File "C:\ProgramData\Anaconda3\lib\site-packages\scrapy\spiders\__init__.py", line 51, in from_crawler
    spider = cls(*args, **kwargs)
TypeError: __init__() missing 1 required positional argument: 'settings'
